0 info it worked if it ends with ok
1 verbose cli [ '/usr/bin/nodejs',
1 verbose cli   '/usr/bin/npm',
1 verbose cli   'install',
1 verbose cli   '--save',
1 verbose cli   'angular-animate@X.Y.Z' ]
2 info using npm@4.1.2
3 info using node@v7.5.0
4 silly loadCurrentTree Starting
5 silly install loadCurrentTree
6 silly install readLocalPackageData
7 silly fetchPackageMetaData angular-animate@X.Y.Z
8 silly fetchNamedPackageData angular-animate
9 silly mapToRegistry name angular-animate
10 silly mapToRegistry using default registry
11 silly mapToRegistry registry https://registry.npmjs.org/
12 silly mapToRegistry data Result {
12 silly mapToRegistry   raw: 'angular-animate',
12 silly mapToRegistry   scope: null,
12 silly mapToRegistry   escapedName: 'angular-animate',
12 silly mapToRegistry   name: 'angular-animate',
12 silly mapToRegistry   rawSpec: '',
12 silly mapToRegistry   spec: 'latest',
12 silly mapToRegistry   type: 'tag' }
13 silly mapToRegistry uri https://registry.npmjs.org/angular-animate
14 verbose request uri https://registry.npmjs.org/angular-animate
15 verbose request no auth needed
16 info attempt registry request try #1 at 5:47:01 PM
17 verbose request id 3ec7e86099e56f4b
18 verbose etag W/"58b6c386-1a26d"
19 verbose lastModified Wed, 01 Mar 2017 12:50:14 GMT
20 http request GET https://registry.npmjs.org/angular-animate
21 http 304 https://registry.npmjs.org/angular-animate
22 verbose headers { date: 'Thu, 02 Mar 2017 15:47:01 GMT',
22 verbose headers   via: '1.1 varnish',
22 verbose headers   'cache-control': 'max-age=300',
22 verbose headers   etag: 'W/"58b6c386-1a26d"',
22 verbose headers   age: '274',
22 verbose headers   connection: 'keep-alive',
22 verbose headers   'x-served-by': 'cache-hhn1541-HHN',
22 verbose headers   'x-cache': 'HIT',
22 verbose headers   'x-cache-hits': '1',
22 verbose headers   'x-timer': 'S1488469621.669688,VS0,VE0',
22 verbose headers   vary: 'Accept-Encoding' }
23 silly get cb [ 304,
23 silly get   { date: 'Thu, 02 Mar 2017 15:47:01 GMT',
23 silly get     via: '1.1 varnish',
23 silly get     'cache-control': 'max-age=300',
23 silly get     etag: 'W/"58b6c386-1a26d"',
23 silly get     age: '274',
23 silly get     connection: 'keep-alive',
23 silly get     'x-served-by': 'cache-hhn1541-HHN',
23 silly get     'x-cache': 'HIT',
23 silly get     'x-cache-hits': '1',
23 silly get     'x-timer': 'S1488469621.669688,VS0,VE0',
23 silly get     vary: 'Accept-Encoding' } ]
24 verbose etag https://registry.npmjs.org/angular-animate from cache
25 verbose get saving angular-animate to /home/karina/.npm/registry.npmjs.org/angular-animate/.cache.json
26 verbose correctMkdir /home/karina/.npm correctMkdir not in flight; initializing
27 silly fetchNamedPackageData No valid target from cache, forcing network
28 verbose request uri https://registry.npmjs.org/angular-animate
29 verbose request no auth needed
30 info attempt registry request try #1 at 5:47:01 PM
31 http request GET https://registry.npmjs.org/angular-animate
32 http 200 https://registry.npmjs.org/angular-animate
33 verbose headers { server: 'nginx/1.10.1',
33 verbose headers   'content-type': 'application/json',
33 verbose headers   'last-modified': 'Wed, 01 Mar 2017 12:50:14 GMT',
33 verbose headers   etag: 'W/"58b6c386-1a26d"',
33 verbose headers   'content-encoding': 'gzip',
33 verbose headers   'cache-control': 'max-age=300',
33 verbose headers   'content-length': '10838',
33 verbose headers   'accept-ranges': 'bytes',
33 verbose headers   date: 'Thu, 02 Mar 2017 15:47:01 GMT',
33 verbose headers   via: '1.1 varnish',
33 verbose headers   age: '274',
33 verbose headers   connection: 'keep-alive',
33 verbose headers   'x-served-by': 'cache-hhn1541-HHN',
33 verbose headers   'x-cache': 'HIT',
33 verbose headers   'x-cache-hits': '2',
33 verbose headers   'x-timer': 'S1488469621.774171,VS0,VE0',
33 verbose headers   vary: 'Accept-Encoding' }
34 silly get cb [ 200,
34 silly get   { server: 'nginx/1.10.1',
34 silly get     'content-type': 'application/json',
34 silly get     'last-modified': 'Wed, 01 Mar 2017 12:50:14 GMT',
34 silly get     etag: 'W/"58b6c386-1a26d"',
34 silly get     'content-encoding': 'gzip',
34 silly get     'cache-control': 'max-age=300',
34 silly get     'content-length': '10838',
34 silly get     'accept-ranges': 'bytes',
34 silly get     date: 'Thu, 02 Mar 2017 15:47:01 GMT',
34 silly get     via: '1.1 varnish',
34 silly get     age: '274',
34 silly get     connection: 'keep-alive',
34 silly get     'x-served-by': 'cache-hhn1541-HHN',
34 silly get     'x-cache': 'HIT',
34 silly get     'x-cache-hits': '2',
34 silly get     'x-timer': 'S1488469621.774171,VS0,VE0',
34 silly get     vary: 'Accept-Encoding' } ]
35 verbose get saving angular-animate to /home/karina/.npm/registry.npmjs.org/angular-animate/.cache.json
36 verbose correctMkdir /home/karina/.npm correctMkdir not in flight; initializing
37 silly fetchPackageMetaData Error: No compatible version found: angular-animate@X.Y.Z
37 silly fetchPackageMetaData Valid install targets:
37 silly fetchPackageMetaData 0.0.1, 0.0.2, 1.2.19-build.256, 1.2.16, 1.2.23, 1.3.0-rc.5, 1.3.0, 1.3.1, 1.3.2, 1.3.3, 1.3.4-build.3588, 1.2.27, 1.3.4, 1.3.5, 1.3.6, 1.3.7, 1.2.28, 1.3.8, 1.4.0-beta.0, 1.3.9, 1.3.10, 1.4.0-beta.1, 1.4.0-beta.2, 1.3.11, 1.4.0-beta.3, 1.3.12, 1.3.13, 1.4.0-beta.4, 1.3.14, 1.4.0-beta.5, 1.4.0-beta.6, 1.3.15, 1.4.0-rc.0, 1.4.0-rc.1, 1.4.0-rc.2, 1.4.0, 1.3.16, 1.4.1, 1.4.2, 1.3.17, 1.4.3, 1.4.4, 1.3.18, 1.4.5, 1.3.19, 1.4.6, 1.5.0-beta.0, 1.2.29, 1.3.20, 1.4.7, 1.5.0-beta.2, 1.4.8, 1.5.0-rc.0, 1.5.0-rc.1, 1.4.9, 1.5.0-rc.2, 1.5.0, 1.5.1, 1.4.10, 1.5.2, 1.5.3, 1.5.5, 1.4.11, 1.5.6, 1.4.12, 1.5.7, 1.2.30, 1.5.8, 1.4.13, 1.2.31, 1.2.32, 1.4.14, 1.6.0-rc.0, 1.6.0-rc.1, 1.5.9, 1.6.0-rc.2, 1.6.0, 1.5.10, 1.6.1, 1.5.11, 1.6.2
37 silly fetchPackageMetaData
37 silly fetchPackageMetaData     at pickVersionFromRegistryDocument (/usr/lib/node_modules/npm/lib/fetch-package-metadata.js:158:16)
37 silly fetchPackageMetaData     at /usr/lib/node_modules/npm/node_modules/iferr/index.js:13:50
37 silly fetchPackageMetaData     at /usr/lib/node_modules/npm/lib/utils/pulse-till-done.js:20:8
37 silly fetchPackageMetaData     at saved (/usr/lib/node_modules/npm/lib/cache/caching-client.js:174:7)
37 silly fetchPackageMetaData     at /usr/lib/node_modules/npm/node_modules/graceful-fs/polyfills.js:261:18
37 silly fetchPackageMetaData     at FSReqWrap.oncomplete (fs.js:112:15)
37 silly fetchPackageMetaData  error for angular-animate@X.Y.Z { Error: No compatible version found: angular-animate@X.Y.Z
37 silly fetchPackageMetaData Valid install targets:
37 silly fetchPackageMetaData 0.0.1, 0.0.2, 1.2.19-build.256, 1.2.16, 1.2.23, 1.3.0-rc.5, 1.3.0, 1.3.1, 1.3.2, 1.3.3, 1.3.4-build.3588, 1.2.27, 1.3.4, 1.3.5, 1.3.6, 1.3.7, 1.2.28, 1.3.8, 1.4.0-beta.0, 1.3.9, 1.3.10, 1.4.0-beta.1, 1.4.0-beta.2, 1.3.11, 1.4.0-beta.3, 1.3.12, 1.3.13, 1.4.0-beta.4, 1.3.14, 1.4.0-beta.5, 1.4.0-beta.6, 1.3.15, 1.4.0-rc.0, 1.4.0-rc.1, 1.4.0-rc.2, 1.4.0, 1.3.16, 1.4.1, 1.4.2, 1.3.17, 1.4.3, 1.4.4, 1.3.18, 1.4.5, 1.3.19, 1.4.6, 1.5.0-beta.0, 1.2.29, 1.3.20, 1.4.7, 1.5.0-beta.2, 1.4.8, 1.5.0-rc.0, 1.5.0-rc.1, 1.4.9, 1.5.0-rc.2, 1.5.0, 1.5.1, 1.4.10, 1.5.2, 1.5.3, 1.5.5, 1.4.11, 1.5.6, 1.4.12, 1.5.7, 1.2.30, 1.5.8, 1.4.13, 1.2.31, 1.2.32, 1.4.14, 1.6.0-rc.0, 1.6.0-rc.1, 1.5.9, 1.6.0-rc.2, 1.6.0, 1.5.10, 1.6.1, 1.5.11, 1.6.2
37 silly fetchPackageMetaData
37 silly fetchPackageMetaData     at pickVersionFromRegistryDocument (/usr/lib/node_modules/npm/lib/fetch-package-metadata.js:158:16)
37 silly fetchPackageMetaData     at /usr/lib/node_modules/npm/node_modules/iferr/index.js:13:50
37 silly fetchPackageMetaData     at /usr/lib/node_modules/npm/lib/utils/pulse-till-done.js:20:8
37 silly fetchPackageMetaData     at saved (/usr/lib/node_modules/npm/lib/cache/caching-client.js:174:7)
37 silly fetchPackageMetaData     at /usr/lib/node_modules/npm/node_modules/graceful-fs/polyfills.js:261:18
37 silly fetchPackageMetaData     at FSReqWrap.oncomplete (fs.js:112:15) code: 'ETARGET' }
38 silly rollbackFailedOptional Starting
39 silly rollbackFailedOptional Finishing
40 silly runTopLevelLifecycles Finishing
41 silly install printInstalled
42 verbose stack Error: No compatible version found: angular-animate@X.Y.Z
42 verbose stack Valid install targets:
42 verbose stack 0.0.1, 0.0.2, 1.2.19-build.256, 1.2.16, 1.2.23, 1.3.0-rc.5, 1.3.0, 1.3.1, 1.3.2, 1.3.3, 1.3.4-build.3588, 1.2.27, 1.3.4, 1.3.5, 1.3.6, 1.3.7, 1.2.28, 1.3.8, 1.4.0-beta.0, 1.3.9, 1.3.10, 1.4.0-beta.1, 1.4.0-beta.2, 1.3.11, 1.4.0-beta.3, 1.3.12, 1.3.13, 1.4.0-beta.4, 1.3.14, 1.4.0-beta.5, 1.4.0-beta.6, 1.3.15, 1.4.0-rc.0, 1.4.0-rc.1, 1.4.0-rc.2, 1.4.0, 1.3.16, 1.4.1, 1.4.2, 1.3.17, 1.4.3, 1.4.4, 1.3.18, 1.4.5, 1.3.19, 1.4.6, 1.5.0-beta.0, 1.2.29, 1.3.20, 1.4.7, 1.5.0-beta.2, 1.4.8, 1.5.0-rc.0, 1.5.0-rc.1, 1.4.9, 1.5.0-rc.2, 1.5.0, 1.5.1, 1.4.10, 1.5.2, 1.5.3, 1.5.5, 1.4.11, 1.5.6, 1.4.12, 1.5.7, 1.2.30, 1.5.8, 1.4.13, 1.2.31, 1.2.32, 1.4.14, 1.6.0-rc.0, 1.6.0-rc.1, 1.5.9, 1.6.0-rc.2, 1.6.0, 1.5.10, 1.6.1, 1.5.11, 1.6.2
42 verbose stack
42 verbose stack     at pickVersionFromRegistryDocument (/usr/lib/node_modules/npm/lib/fetch-package-metadata.js:158:16)
42 verbose stack     at /usr/lib/node_modules/npm/node_modules/iferr/index.js:13:50
42 verbose stack     at /usr/lib/node_modules/npm/lib/utils/pulse-till-done.js:20:8
42 verbose stack     at saved (/usr/lib/node_modules/npm/lib/cache/caching-client.js:174:7)
42 verbose stack     at /usr/lib/node_modules/npm/node_modules/graceful-fs/polyfills.js:261:18
42 verbose stack     at FSReqWrap.oncomplete (fs.js:112:15)
43 verbose cwd /home/karina/WebstormProjects/bootcamp/anguflix
44 error Linux 4.4.0-64-generic
45 error argv "/usr/bin/nodejs" "/usr/bin/npm" "install" "--save" "angular-animate@X.Y.Z"
46 error node v7.5.0
47 error npm  v4.1.2
48 error code ETARGET
49 error notarget No compatible version found: angular-animate@X.Y.Z
49 error notarget Valid install targets:
49 error notarget 0.0.1, 0.0.2, 1.2.19-build.256, 1.2.16, 1.2.23, 1.3.0-rc.5, 1.3.0, 1.3.1, 1.3.2, 1.3.3, 1.3.4-build.3588, 1.2.27, 1.3.4, 1.3.5, 1.3.6, 1.3.7, 1.2.28, 1.3.8, 1.4.0-beta.0, 1.3.9, 1.3.10, 1.4.0-beta.1, 1.4.0-beta.2, 1.3.11, 1.4.0-beta.3, 1.3.12, 1.3.13, 1.4.0-beta.4, 1.3.14, 1.4.0-beta.5, 1.4.0-beta.6, 1.3.15, 1.4.0-rc.0, 1.4.0-rc.1, 1.4.0-rc.2, 1.4.0, 1.3.16, 1.4.1, 1.4.2, 1.3.17, 1.4.3, 1.4.4, 1.3.18, 1.4.5, 1.3.19, 1.4.6, 1.5.0-beta.0, 1.2.29, 1.3.20, 1.4.7, 1.5.0-beta.2, 1.4.8, 1.5.0-rc.0, 1.5.0-rc.1, 1.4.9, 1.5.0-rc.2, 1.5.0, 1.5.1, 1.4.10, 1.5.2, 1.5.3, 1.5.5, 1.4.11, 1.5.6, 1.4.12, 1.5.7, 1.2.30, 1.5.8, 1.4.13, 1.2.31, 1.2.32, 1.4.14, 1.6.0-rc.0, 1.6.0-rc.1, 1.5.9, 1.6.0-rc.2, 1.6.0, 1.5.10, 1.6.1, 1.5.11, 1.6.2
50 error notarget This is most likely not a problem with npm itself.
50 error notarget In most cases you or one of your dependencies are requesting
50 error notarget a package version that doesn't exist.
51 verbose exit [ 1, true ]
